<?xml version="1.0" encoding="UTF-8"?>
<!-- Generated by org.testng.reporters.JUnitReportReporter -->
<testsuite skipped="2" hostname="Jason-Li-MBP.local" name="SecondTest" tests="6" failures="0" timestamp="22 八月 2019 11:07:11 GMT" time="75.568" errors="0">
  <testcase name="ThoughtWorksTest" time="22.717" classname="SecondTest"/>
  <testcase name="ThoughtWorksTest" time="16.546" classname="SecondTest"/>
  <testcase name="MyntraTest" time="13.625" classname="SecondTest"/>
  <testcase name="ThoughtWorksTest" time="0.000" classname="SecondTest">
    <skipped/>
  </testcase> <!-- ThoughtWorksTest -->
  <testcase name="MyntraTest" time="0.001" classname="SecondTest">
    <skipped/>
  </testcase> <!-- MyntraTest -->
  <testcase name="MyntraTest" time="22.679" classname="SecondTest"/>
</testsuite> <!-- SecondTest -->
