<?xml version="1.0" encoding="UTF-8"?>
<testsuite name="SecondTest" tests="6" skipped="2" failures="0" errors="0" timestamp="2019-08-22T11:06:31" hostname="Jason-Li-MBP.local" time="40.557">
  <properties/>
  <testcase name="MyntraTest" classname="SecondTest" time="2.687"/>
  <testcase name="MyntraTest" classname="SecondTest" time="20.914"/>
  <testcase name="ThoughtWorksTest" classname="SecondTest" time="2.975"/>
  <testcase name="MyntraTest" classname="SecondTest" time="0.001">
    <skipped/>
  </testcase>
  <testcase name="ThoughtWorksTest" classname="SecondTest" time="0.0">
    <skipped/>
  </testcase>
  <testcase name="ThoughtWorksTest" classname="SecondTest" time="20.572"/>
  <system-out><![CDATA[Myntra Test Started 13
Myntra Test Started 14
Myntra Test Ended 14
ThoughtWorks Test Started 14
Myntra Test Ended 13
ThoughtWorks Test Started 13
]]></system-out>
  <system-err><![CDATA[八月 22, 2019 7:06:27 下午 org.openqa.selenium.remote.ProtocolHandshake createSession
資訊: Detected dialect: W3C
八月 22, 2019 7:06:31 下午 org.openqa.selenium.remote.ProtocolHandshake createSession
資訊: Detected dialect: W3C
]]></system-err>
</testsuite>
